\BOOKMARK [1][-]{section.1}{\376\377\000I\000n\000t\000r\000o\000d\000u\000c\000t\000i\000o\000n\000\040\000g\000\351\000n\000\351\000r\000a\000l\000e}{}% 1
\BOOKMARK [1][-]{section.2}{\376\377\000O\000u\000t\000i\000l\000s\000\040\000u\000t\000i\000l\000i\000s\000\351\000s}{}% 2
\BOOKMARK [1][-]{section.3}{\376\377\000P\000a\000r\000t\000i\000e\000\040\000t\000h\000\351\000o\000r\000i\000q\000u\000e\000\040\000:\000\040\000M\000\351\000t\000h\000o\000d\000e\000\040\000d\000u\000\040\000s\000i\000m\000p\000l\000e\000x\000e}{}% 3
\BOOKMARK [1][-]{section.4}{\376\377\000S\000u\000j\000e\000t\000\040\0001\000\040\000:\000\040\000T\000r\000a\000n\000s\000p\000o\000r\000t\000\040\000d\000e\000\040\000p\000o\000i\000s\000s\000o\000n\000s\000\040\000N\000o\000u\000a\000d\000h\000i\000b\000o\000u\040\023\000N\000o\000u\000a\000k\000c\000h\000o\000t\000t}{}% 4
\BOOKMARK [2][-]{subsection.4.1}{\376\377\000C\000o\000n\000t\000e\000x\000t\000e}{section.4}% 5
\BOOKMARK [2][-]{subsection.4.2}{\376\377\000V\000a\000r\000i\000a\000b\000l\000e\000s\000\040\000d\000e\000\040\000d\000\351\000c\000i\000s\000i\000o\000n}{section.4}% 6
\BOOKMARK [2][-]{subsection.4.3}{\376\377\000F\000o\000n\000c\000t\000i\000o\000n\000\040\000o\000b\000j\000e\000c\000t\000i\000f}{section.4}% 7
\BOOKMARK [2][-]{subsection.4.4}{\376\377\000C\000o\000n\000t\000r\000a\000i\000n\000t\000e\000s}{section.4}% 8
\BOOKMARK [2][-]{subsection.4.5}{\376\377\000M\000\351\000t\000h\000o\000d\000e\000\040\000u\000t\000i\000l\000i\000s\000\351\000e}{section.4}% 9
\BOOKMARK [2][-]{subsection.4.6}{\376\377\000R\000\351\000s\000u\000l\000t\000a\000t}{section.4}% 10
\BOOKMARK [2][-]{subsection.4.7}{\376\377\000I\000n\000t\000e\000r\000p\000r\000\351\000t\000a\000t\000i\000o\000n}{section.4}% 11
\BOOKMARK [1][-]{section.5}{\376\377\000S\000u\000j\000e\000t\000\040\0002\000\040\000:\000\040\000R\000o\000u\000t\000a\000g\000e\000\040\000d\000e\000s\000\040\000c\000a\000m\000i\000o\000n\000s\000\040\000d\000'\000e\000a\000u}{}% 12
\BOOKMARK [2][-]{subsection.5.1}{\376\377\000C\000o\000n\000t\000e\000x\000t\000e}{section.5}% 13
\BOOKMARK [2][-]{subsection.5.2}{\376\377\000V\000a\000r\000i\000a\000b\000l\000e\000s\000\040\000d\000e\000\040\000d\000\351\000c\000i\000s\000i\000o\000n}{section.5}% 14
\BOOKMARK [2][-]{subsection.5.3}{\376\377\000F\000o\000n\000c\000t\000i\000o\000n\000\040\000o\000b\000j\000e\000c\000t\000i\000f}{section.5}% 15
\BOOKMARK [2][-]{subsection.5.4}{\376\377\000C\000o\000n\000t\000r\000a\000i\000n\000t\000e\000s}{section.5}% 16
\BOOKMARK [2][-]{subsection.5.5}{\376\377\000M\000\351\000t\000h\000o\000d\000e\000\040\000u\000t\000i\000l\000i\000s\000\351\000e}{section.5}% 17
\BOOKMARK [2][-]{subsection.5.6}{\376\377\000R\000\351\000s\000u\000l\000t\000a\000t}{section.5}% 18
\BOOKMARK [2][-]{subsection.5.7}{\376\377\000I\000n\000t\000e\000r\000p\000r\000\351\000t\000a\000t\000i\000o\000n}{section.5}% 19
\BOOKMARK [1][-]{section.6}{\376\377\000S\000u\000j\000e\000t\000\040\0003\000\040\000:\000\040\000P\000r\000o\000b\000l\000\350\000m\000e\000\040\000d\000u\000\040\000v\000o\000y\000a\000g\000e\000u\000r\000\040\000d\000e\000\040\000c\000o\000m\000m\000e\000r\000c\000e\000,\000\040\000T\000S\000P}{}% 20
\BOOKMARK [2][-]{subsection.6.1}{\376\377\000C\000o\000n\000t\000e\000x\000t\000e}{section.6}% 21
\BOOKMARK [2][-]{subsection.6.2}{\376\377\000V\000a\000r\000i\000a\000b\000l\000e\000s\000\040\000d\000e\000\040\000d\000\351\000c\000i\000s\000i\000o\000n}{section.6}% 22
\BOOKMARK [2][-]{subsection.6.3}{\376\377\000F\000o\000n\000c\000t\000i\000o\000n\000\040\000o\000b\000j\000e\000c\000t\000i\000f}{section.6}% 23
\BOOKMARK [2][-]{subsection.6.4}{\376\377\000C\000o\000n\000t\000r\000a\000i\000n\000t\000e\000s}{section.6}% 24
\BOOKMARK [2][-]{subsection.6.5}{\376\377\000M\000\351\000t\000h\000o\000d\000e\000\040\000u\000t\000i\000l\000i\000s\000\351\000e}{section.6}% 25
\BOOKMARK [2][-]{subsection.6.6}{\376\377\000R\000\351\000s\000u\000l\000t\000a\000t}{section.6}% 26
\BOOKMARK [2][-]{subsection.6.7}{\376\377\000I\000n\000t\000e\000r\000p\000r\000\351\000t\000a\000t\000i\000o\000n}{section.6}% 27
\BOOKMARK [1][-]{section.7}{\376\377\000R\000e\000m\000a\000r\000q\000u\000e\000\040\000s\000u\000r\000\040\000l\000e\000s\000\040\000d\000o\000n\000n\000\351\000e\000s\000\040\000u\000t\000i\000l\000i\000s\000\351\000e\000s}{}% 28
\BOOKMARK [1][-]{section.8}{\376\377\000C\000o\000n\000c\000l\000u\000s\000i\000o\000n}{}% 29
